  pch.cpp
  Action.cpp
  ActionEvent.cpp
  ActionIncrement.cpp
  ActionList.cpp
  ActionWhile.cpp
  Attributed.cpp
  Datum.cpp
  EventMessageAttributed.cpp
  EventPublisher.cpp
  EventQueue.cpp
  GameClock.cpp
  GameObject.cpp
  GameState.cpp
  GameTime.cpp
  IJsonParseHelper.cpp
  JsonParseCoordinator.cpp
  JsonTableParseHelper.cpp
  Reaction.cpp
  ReactionAttributed.cpp
  RTTI.cpp
  Generating Code...
  Compiling...
  Scope.cpp
  TypeManager.cpp
  Generating Code...
  Library.Desktop.vcxproj -> C:\Dev\Students\CH19\Olivia.Jacques-Baker\Prog2\build\bin\Library.Desktop\x64\Debug\Library.Desktop.lib
