c:\dev\students\ch19\olivia.jacques-baker\prog2\build\obj\library.desktop\x64\debug\library.desktop.pch
c:\dev\students\ch19\olivia.jacques-baker\prog2\build\bin\library.desktop\x64\debug\library.desktop.pdb
c:\dev\students\ch19\olivia.jacques-baker\prog2\build\bin\library.desktop\x64\debug\library.desktop.idb
c:\dev\students\ch19\olivia.jacques-baker\prog2\build\obj\library.desktop\x64\debug\pch.obj
c:\dev\students\ch19\olivia.jacques-baker\prog2\build\obj\library.desktop\x64\debug\reactionattributed.obj
c:\dev\students\ch19\olivia.jacques-baker\prog2\build\obj\library.desktop\x64\debug\reaction.obj
c:\dev\students\ch19\olivia.jacques-baker\prog2\build\obj\library.desktop\x64\debug\rtti.obj
c:\dev\students\ch19\olivia.jacques-baker\prog2\build\obj\library.desktop\x64\debug\jsontableparsehelper.obj
c:\dev\students\ch19\olivia.jacques-baker\prog2\build\obj\library.desktop\x64\debug\jsonparsecoordinator.obj
c:\dev\students\ch19\olivia.jacques-baker\prog2\build\obj\library.desktop\x64\debug\ijsonparsehelper.obj
c:\dev\students\ch19\olivia.jacques-baker\prog2\build\obj\library.desktop\x64\debug\gametime.obj
c:\dev\students\ch19\olivia.jacques-baker\prog2\build\obj\library.desktop\x64\debug\gamestate.obj
c:\dev\students\ch19\olivia.jacques-baker\prog2\build\obj\library.desktop\x64\debug\gameobject.obj
c:\dev\students\ch19\olivia.jacques-baker\prog2\build\obj\library.desktop\x64\debug\gameclock.obj
c:\dev\students\ch19\olivia.jacques-baker\prog2\build\obj\library.desktop\x64\debug\eventqueue.obj
c:\dev\students\ch19\olivia.jacques-baker\prog2\build\obj\library.desktop\x64\debug\eventpublisher.obj
c:\dev\students\ch19\olivia.jacques-baker\prog2\build\obj\library.desktop\x64\debug\eventmessageattributed.obj
c:\dev\students\ch19\olivia.jacques-baker\prog2\build\obj\library.desktop\x64\debug\datum.obj
c:\dev\students\ch19\olivia.jacques-baker\prog2\build\obj\library.desktop\x64\debug\attributed.obj
c:\dev\students\ch19\olivia.jacques-baker\prog2\build\obj\library.desktop\x64\debug\actionwhile.obj
c:\dev\students\ch19\olivia.jacques-baker\prog2\build\obj\library.desktop\x64\debug\actionlist.obj
c:\dev\students\ch19\olivia.jacques-baker\prog2\build\obj\library.desktop\x64\debug\actionincrement.obj
c:\dev\students\ch19\olivia.jacques-baker\prog2\build\obj\library.desktop\x64\debug\actionevent.obj
c:\dev\students\ch19\olivia.jacques-baker\prog2\build\obj\library.desktop\x64\debug\action.obj
c:\dev\students\ch19\olivia.jacques-baker\prog2\build\obj\library.desktop\x64\debug\typemanager.obj
c:\dev\students\ch19\olivia.jacques-baker\prog2\build\obj\library.desktop\x64\debug\scope.obj
c:\dev\students\ch19\olivia.jacques-baker\prog2\build\bin\library.desktop\x64\debug\library.desktop.lib
c:\dev\students\ch19\olivia.jacques-baker\prog2\build\obj\library.desktop\x64\debug\library.desktop.vcxproj.filelistabsolute.txt
c:\dev\students\ch19\olivia.jacques-baker\prog2\build\obj\library.desktop\x64\debug\library.desktop.tlog\cl.command.1.tlog
c:\dev\students\ch19\olivia.jacques-baker\prog2\build\obj\library.desktop\x64\debug\library.desktop.tlog\cl.read.1.tlog
c:\dev\students\ch19\olivia.jacques-baker\prog2\build\obj\library.desktop\x64\debug\library.desktop.tlog\cl.write.1.tlog
c:\dev\students\ch19\olivia.jacques-baker\prog2\build\obj\library.desktop\x64\debug\library.desktop.tlog\lib-link.read.1.tlog
c:\dev\students\ch19\olivia.jacques-baker\prog2\build\obj\library.desktop\x64\debug\library.desktop.tlog\lib-link.write.1.tlog
c:\dev\students\ch19\olivia.jacques-baker\prog2\build\obj\library.desktop\x64\debug\library.desktop.tlog\lib.command.1.tlog
