c:\dev\students\ch19\olivia.jacques-baker\prog2\build\obj\library.desktop\win32\release\library.desktop.pch
c:\dev\students\ch19\olivia.jacques-baker\prog2\build\bin\library.desktop\win32\release\library.desktop.pdb
c:\dev\students\ch19\olivia.jacques-baker\prog2\build\obj\library.desktop\win32\release\pch.obj
c:\dev\students\ch19\olivia.jacques-baker\prog2\build\obj\library.desktop\win32\release\rtti.obj
c:\dev\students\ch19\olivia.jacques-baker\prog2\build\obj\library.desktop\win32\release\reactionattributed.obj
c:\dev\students\ch19\olivia.jacques-baker\prog2\build\obj\library.desktop\win32\release\reaction.obj
c:\dev\students\ch19\olivia.jacques-baker\prog2\build\obj\library.desktop\win32\release\jsontableparsehelper.obj
c:\dev\students\ch19\olivia.jacques-baker\prog2\build\obj\library.desktop\win32\release\jsonparsecoordinator.obj
c:\dev\students\ch19\olivia.jacques-baker\prog2\build\obj\library.desktop\win32\release\ijsonparsehelper.obj
c:\dev\students\ch19\olivia.jacques-baker\prog2\build\obj\library.desktop\win32\release\gametime.obj
c:\dev\students\ch19\olivia.jacques-baker\prog2\build\obj\library.desktop\win32\release\gamestate.obj
c:\dev\students\ch19\olivia.jacques-baker\prog2\build\obj\library.desktop\win32\release\gameobject.obj
c:\dev\students\ch19\olivia.jacques-baker\prog2\build\obj\library.desktop\win32\release\gameclock.obj
c:\dev\students\ch19\olivia.jacques-baker\prog2\build\obj\library.desktop\win32\release\eventqueue.obj
c:\dev\students\ch19\olivia.jacques-baker\prog2\build\obj\library.desktop\win32\release\eventpublisher.obj
c:\dev\students\ch19\olivia.jacques-baker\prog2\build\obj\library.desktop\win32\release\eventmessageattributed.obj
c:\dev\students\ch19\olivia.jacques-baker\prog2\build\obj\library.desktop\win32\release\datum.obj
c:\dev\students\ch19\olivia.jacques-baker\prog2\build\obj\library.desktop\win32\release\attributed.obj
c:\dev\students\ch19\olivia.jacques-baker\prog2\build\obj\library.desktop\win32\release\actionwhile.obj
c:\dev\students\ch19\olivia.jacques-baker\prog2\build\obj\library.desktop\win32\release\actionlist.obj
c:\dev\students\ch19\olivia.jacques-baker\prog2\build\obj\library.desktop\win32\release\actionincrement.obj
c:\dev\students\ch19\olivia.jacques-baker\prog2\build\obj\library.desktop\win32\release\actionevent.obj
c:\dev\students\ch19\olivia.jacques-baker\prog2\build\obj\library.desktop\win32\release\action.obj
c:\dev\students\ch19\olivia.jacques-baker\prog2\build\obj\library.desktop\win32\release\typemanager.obj
c:\dev\students\ch19\olivia.jacques-baker\prog2\build\obj\library.desktop\win32\release\scope.obj
c:\dev\students\ch19\olivia.jacques-baker\prog2\build\bin\library.desktop\win32\release\library.desktop.lib
c:\dev\students\ch19\olivia.jacques-baker\prog2\build\obj\library.desktop\win32\release\library.desktop.vcxproj.filelistabsolute.txt
c:\dev\students\ch19\olivia.jacques-baker\prog2\build\obj\library.desktop\win32\release\library.desktop.tlog\cl.command.1.tlog
c:\dev\students\ch19\olivia.jacques-baker\prog2\build\obj\library.desktop\win32\release\library.desktop.tlog\cl.read.1.tlog
c:\dev\students\ch19\olivia.jacques-baker\prog2\build\obj\library.desktop\win32\release\library.desktop.tlog\cl.write.1.tlog
c:\dev\students\ch19\olivia.jacques-baker\prog2\build\obj\library.desktop\win32\release\library.desktop.tlog\lib-link.read.1.tlog
c:\dev\students\ch19\olivia.jacques-baker\prog2\build\obj\library.desktop\win32\release\library.desktop.tlog\lib-link.write.1.tlog
c:\dev\students\ch19\olivia.jacques-baker\prog2\build\obj\library.desktop\win32\release\library.desktop.tlog\lib.command.1.tlog
